<?xml version="1.0" encoding="UTF-8"?>
<!-- Generated by org.testng.reporters.JUnitXMLReporter -->
<testsuite hostname="Saurabh-Garg" ignored="2" name="all-tests" tests="1" failures="0" timestamp="25 Sep 2021 17:44:39 GMT" time="24.933" errors="0">
  <testcase name="verifyBalanceValueAfterEnteringIncomeAndExpenses" time="17.574" classname="tests.MonefyTestCases"/>
  <testcase name="@AfterSuite afterSuite" time="0.0" classname="tests.SuiteConfig">
    <ignored/>
  </testcase> <!-- @AfterSuite afterSuite -->
  <testcase name="@BeforeSuite beforeSuite" time="0.0" classname="tests.SuiteConfig">
    <ignored/>
  </testcase> <!-- @BeforeSuite beforeSuite -->
</testsuite> <!-- all-tests -->
